<?xml version="1.0" encoding="UTF-8"?>
<testsuite name="com.jaeyeon.book.springboot.web.HelloControllerTest" tests="2" skipped="0" failures="0" errors="0" timestamp="2020-08-24T10:20:15" hostname="DESKTOP-VRU8NIE" time="0.797">
  <properties/>
  <testcase name="hello가_리턴된다" classname="com.jaeyeon.book.springboot.web.HelloControllerTest" time="0.637"/>
  <testcase name="helloDto가_리턴된다" classname="com.jaeyeon.book.springboot.web.HelloControllerTest" time="0.159"/>
  <system-out><![CDATA[19:20:08.804 [Test worker] DEBUG org.springframework.test.context.junit4.SpringJUnit4ClassRunner - SpringJUnit4ClassRunner constructor called with [class com.jaeyeon.book.springboot.web.HelloControllerTest]
19:20:08.820 [Test worker] DEBUG org.springframework.test.context.BootstrapUtils - Instantiating CacheAwareContextLoaderDelegate from class [org.springframework.test.context.cache.DefaultCacheAwareContextLoaderDelegate]
19:20:08.835 [Test worker] DEBUG org.springframework.test.context.BootstrapUtils - Instantiating BootstrapContext using constructor [public org.springframework.test.context.support.DefaultBootstrapContext(java.lang.Class,org.springframework.test.context.CacheAwareContextLoaderDelegate)]
19:20:08.898 [Test worker] DEBUG org.springframework.test.context.BootstrapUtils - Instantiating TestContextBootstrapper for test class [com.jaeyeon.book.springboot.web.HelloControllerTest] from class [org.springframework.boot.test.autoconfigure.web.servlet.WebMvcTestContextBootstrapper]
19:20:08.945 [Test worker] INFO org.springframework.boot.test.autoconfigure.web.servlet.WebMvcTestContextBootstrapper - Neither @ContextConfiguration nor @ContextHierarchy found for test class [com.jaeyeon.book.springboot.web.HelloControllerTest], using SpringBootContextLoader
19:20:08.945 [Test worker] DEBUG org.springframework.test.context.support.AbstractContextLoader - Did not detect default resource location for test class [com.jaeyeon.book.springboot.web.HelloControllerTest]: class path resource [com/jaeyeon/book/springboot/web/HelloControllerTest-context.xml] does not exist
19:20:08.945 [Test worker] DEBUG org.springframework.test.context.support.AbstractContextLoader - Did not detect default resource location for test class [com.jaeyeon.book.springboot.web.HelloControllerTest]: class path resource [com/jaeyeon/book/springboot/web/HelloControllerTestContext.groovy] does not exist
19:20:08.945 [Test worker] INFO org.springframework.test.context.support.AbstractContextLoader - Could not detect default resource locations for test class [com.jaeyeon.book.springboot.web.HelloControllerTest]: no resource found for suffixes {-context.xml, Context.groovy}.
19:20:08.945 [Test worker] INFO org.springframework.test.context.support.AnnotationConfigContextLoaderUtils - Could not detect default configuration classes for test class [com.jaeyeon.book.springboot.web.HelloControllerTest]: HelloControllerTest does not declare any static, non-private, non-final, nested classes annotated with @Configuration.
19:20:09.132 [Test worker] DEBUG org.springframework.test.context.support.ActiveProfilesUtils - Could not find an 'annotation declaring class' for annotation type [org.springframework.test.context.ActiveProfiles] and class [com.jaeyeon.book.springboot.web.HelloControllerTest]
19:20:09.351 [Test worker] DEBUG org.springframework.context.annotation.ClassPathScanningCandidateComponentProvider - Identified candidate component class: file [C:\Users\jae51\IdeaProjects\webservice\build\classes\java\main\com\jaeyeon\book\springboot\Application.class]
19:20:09.351 [Test worker] INFO org.springframework.boot.test.context.SpringBootTestContextBootstrapper - Found @SpringBootConfiguration com.jaeyeon.book.springboot.Application for test class com.jaeyeon.book.springboot.web.HelloControllerTest
19:20:09.351 [Test worker] DEBUG org.springframework.boot.test.autoconfigure.web.servlet.WebMvcTestContextBootstrapper - @TestExecutionListeners is not present for class [com.jaeyeon.book.springboot.web.HelloControllerTest]: using defaults.
19:20:09.367 [Test worker] INFO org.springframework.boot.test.autoconfigure.web.servlet.WebMvcTestContextBootstrapper - Loaded default TestExecutionListener class names from location [META-INF/spring.factories]: [org.springframework.security.test.context.support.WithSecurityContextTestExecutionListener, org.springframework.security.test.context.support.ReactorContextTestExecutionListener, org.springframework.boot.test.autoconfigure.restdocs.RestDocsTestExecutionListener, org.springframework.boot.test.autoconfigure.web.client.MockRestServiceServerResetTestExecutionListener, org.springframework.boot.test.autoconfigure.web.servlet.MockMvcPrintOnlyOnFailureTestExecutionListener, org.springframework.boot.test.autoconfigure.web.servlet.WebDriverTestExecutionListener, org.springframework.boot.test.mock.mockito.MockitoTestExecutionListener, org.springframework.boot.test.mock.mockito.ResetMocksTestExecutionListener, org.springframework.test.context.web.ServletTestExecutionListener, org.springframework.test.context.support.DirtiesContextBeforeModesTestExecutionListener, org.springframework.test.context.support.DependencyInjectionTestExecutionListener, org.springframework.test.context.support.DirtiesContextTestExecutionListener, org.springframework.test.context.transaction.TransactionalTestExecutionListener, org.springframework.test.context.jdbc.SqlScriptsTestExecutionListener]
19:20:09.414 [Test worker] INFO org.springframework.boot.test.autoconfigure.web.servlet.WebMvcTestContextBootstrapper - Using TestExecutionListeners: [org.springframework.test.context.web.ServletTestExecutionListener@f61b214, org.springframework.test.context.support.DirtiesContextBeforeModesTestExecutionListener@379c8b5, org.springframework.boot.test.mock.mockito.MockitoTestExecutionListener@47389da2, org.springframework.boot.test.autoconfigure.SpringBootDependencyInjectionTestExecutionListener@47634924, org.springframework.test.context.support.DirtiesContextTestExecutionListener@4510b2ce, org.springframework.test.context.transaction.TransactionalTestExecutionListener@861e6b9, org.springframework.test.context.jdbc.SqlScriptsTestExecutionListener@bb7bf9a, org.springframework.security.test.context.support.WithSecurityContextTestExecutionListener@5640fda1, org.springframework.security.test.context.support.ReactorContextTestExecutionListener@1606a365, org.springframework.boot.test.autoconfigure.restdocs.RestDocsTestExecutionListener@1155db32, org.springframework.boot.test.autoconfigure.web.client.MockRestServiceServerResetTestExecutionListener@27a8fded, org.springframework.boot.test.autoconfigure.web.servlet.MockMvcPrintOnlyOnFailureTestExecutionListener@76d4b14c, org.springframework.boot.test.autoconfigure.web.servlet.WebDriverTestExecutionListener@55ea2978, org.springframework.boot.test.mock.mockito.ResetMocksTestExecutionListener@6ad9e4bc]
19:20:09.429 [Test worker] DEBUG org.springframework.test.annotation.ProfileValueUtils - Retrieved @ProfileValueSourceConfiguration [null] for test class [com.jaeyeon.book.springboot.web.HelloControllerTest]
19:20:09.429 [Test worker] DEBUG org.springframework.test.annotation.ProfileValueUtils - Retrieved ProfileValueSource type [class org.springframework.test.annotation.SystemProfileValueSource] for class [com.jaeyeon.book.springboot.web.HelloControllerTest]
19:20:09.429 [Test worker] DEBUG org.springframework.test.annotation.ProfileValueUtils - Retrieved @ProfileValueSourceConfiguration [null] for test class [com.jaeyeon.book.springboot.web.HelloControllerTest]
19:20:09.429 [Test worker] DEBUG org.springframework.test.annotation.ProfileValueUtils - Retrieved ProfileValueSource type [class org.springframework.test.annotation.SystemProfileValueSource] for class [com.jaeyeon.book.springboot.web.HelloControllerTest]
19:20:09.445 [Test worker] DEBUG org.springframework.test.context.support.AbstractDirtiesContextTestExecutionListener - Before test class: context [DefaultTestContext@7d907f35 testClass = HelloControllerTest, testInstance = [null], testMethod = [null], testException = [null], mergedContextConfiguration = [WebMergedContextConfiguration@76944db5 testClass = HelloControllerTest, locations = '{}', classes = '{class com.jaeyeon.book.springboot.Application}', contextInitializerClasses = '[]', activeProfiles = '{}', propertySourceLocations = '{}', propertySourceProperties = '{org.springframework.boot.test.autoconfigure.web.servlet.WebMvcTestContextBootstrapper=true}', contextCustomizers = set[org.springframework.boot.test.autoconfigure.OverrideAutoConfigurationContextCustomizerFactory$DisableAutoConfigurationContextCustomizer@166d0002, org.springframework.boot.test.autoconfigure.filter.TypeExcludeFiltersContextCustomizer@746a2e3f, org.springframework.boot.test.autoconfigure.properties.PropertyMappingContextCustomizer@a7956326, org.springframework.boot.test.autoconfigure.web.servlet.WebDriverContextCustomizerFactory$Customizer@7dbd368, [ImportsContextCustomizer@1a29ac99 key = [org.springframework.boot.autoconfigure.cache.CacheAutoConfiguration, org.springframework.boot.autoconfigure.context.MessageSourceAutoConfiguration, org.springframework.boot.autoconfigure.data.web.SpringDataWebAutoConfiguration, org.springframework.boot.autoconfigure.freemarker.FreeMarkerAutoConfiguration, org.springframework.boot.autoconfigure.groovy.template.GroovyTemplateAutoConfiguration, org.springframework.boot.autoconfigure.gson.GsonAutoConfiguration, org.springframework.boot.autoconfigure.hateoas.HypermediaAutoConfiguration, org.springframework.boot.autoconfigure.http.HttpMessageConvertersAutoConfiguration, org.springframework.boot.autoconfigure.jackson.JacksonAutoConfiguration, org.springframework.boot.autoconfigure.jsonb.JsonbAutoConfiguration, org.springframework.boot.autoconfigure.mustache.MustacheAutoConfiguration, org.springframework.boot.autoconfigure.task.TaskExecutionAutoConfiguration, org.springframework.boot.autoconfigure.thymeleaf.ThymeleafAutoConfiguration, org.springframework.boot.autoconfigure.validation.ValidationAutoConfiguration, org.springframework.boot.autoconfigure.web.servlet.error.ErrorMvcAutoConfiguration, org.springframework.boot.autoconfigure.web.servlet.WebMvcAutoConfiguration, org.springframework.boot.test.autoconfigure.web.servlet.MockMvcAutoConfiguration, org.springframework.boot.test.autoconfigure.web.servlet.MockMvcSecurityAutoConfiguration, org.springframework.boot.test.autoconfigure.web.servlet.MockMvcWebClientAutoConfiguration, org.springframework.boot.test.autoconfigure.web.servlet.MockMvcWebDriverAutoConfiguration]], org.springframework.boot.test.context.filter.ExcludeFilterContextCustomizer@4efbd6d4, org.springframework.boot.test.json.DuplicateJsonObjectContextCustomizerFactory$DuplicateJsonObjectContextCustomizer@15f26ce0, org.springframework.boot.test.mock.mockito.MockitoContextCustomizer@0], resourceBasePath = 'src/main/webapp', contextLoader = 'org.springframework.boot.test.context.SpringBootContextLoader', parent = [null]], attributes = map[[empty]]], class annotated with @DirtiesContext [false] with mode [null].
19:20:09.445 [Test worker] DEBUG org.springframework.test.annotation.ProfileValueUtils - Retrieved @ProfileValueSourceConfiguration [null] for test class [com.jaeyeon.book.springboot.web.HelloControllerTest]
19:20:09.445 [Test worker] DEBUG org.springframework.test.annotation.ProfileValueUtils - Retrieved ProfileValueSource type [class org.springframework.test.annotation.SystemProfileValueSource] for class [com.jaeyeon.book.springboot.web.HelloControllerTest]
19:20:09.461 [Test worker] DEBUG org.springframework.test.context.support.DependencyInjectionTestExecutionListener - Performing dependency injection for test context [[DefaultTestContext@7d907f35 testClass = HelloControllerTest, testInstance = com.jaeyeon.book.springboot.web.HelloControllerTest@436a5918, testMethod = [null], testException = [null], mergedContextConfiguration = [WebMergedContextConfiguration@76944db5 testClass = HelloControllerTest, locations = '{}', classes = '{class com.jaeyeon.book.springboot.Application}', contextInitializerClasses = '[]', activeProfiles = '{}', propertySourceLocations = '{}', propertySourceProperties = '{org.springframework.boot.test.autoconfigure.web.servlet.WebMvcTestContextBootstrapper=true}', contextCustomizers = set[org.springframework.boot.test.autoconfigure.OverrideAutoConfigurationContextCustomizerFactory$DisableAutoConfigurationContextCustomizer@166d0002, org.springframework.boot.test.autoconfigure.filter.TypeExcludeFiltersContextCustomizer@746a2e3f, org.springframework.boot.test.autoconfigure.properties.PropertyMappingContextCustomizer@a7956326, org.springframework.boot.test.autoconfigure.web.servlet.WebDriverContextCustomizerFactory$Customizer@7dbd368, [ImportsContextCustomizer@1a29ac99 key = [org.springframework.boot.autoconfigure.cache.CacheAutoConfiguration, org.springframework.boot.autoconfigure.context.MessageSourceAutoConfiguration, org.springframework.boot.autoconfigure.data.web.SpringDataWebAutoConfiguration, org.springframework.boot.autoconfigure.freemarker.FreeMarkerAutoConfiguration, org.springframework.boot.autoconfigure.groovy.template.GroovyTemplateAutoConfiguration, org.springframework.boot.autoconfigure.gson.GsonAutoConfiguration, org.springframework.boot.autoconfigure.hateoas.HypermediaAutoConfiguration, org.springframework.boot.autoconfigure.http.HttpMessageConvertersAutoConfiguration, org.springframework.boot.autoconfigure.jackson.JacksonAutoConfiguration, org.springframework.boot.autoconfigure.jsonb.JsonbAutoConfiguration, org.springframework.boot.autoconfigure.mustache.MustacheAutoConfiguration, org.springframework.boot.autoconfigure.task.TaskExecutionAutoConfiguration, org.springframework.boot.autoconfigure.thymeleaf.ThymeleafAutoConfiguration, org.springframework.boot.autoconfigure.validation.ValidationAutoConfiguration, org.springframework.boot.autoconfigure.web.servlet.error.ErrorMvcAutoConfiguration, org.springframework.boot.autoconfigure.web.servlet.WebMvcAutoConfiguration, org.springframework.boot.test.autoconfigure.web.servlet.MockMvcAutoConfiguration, org.springframework.boot.test.autoconfigure.web.servlet.MockMvcSecurityAutoConfiguration, org.springframework.boot.test.autoconfigure.web.servlet.MockMvcWebClientAutoConfiguration, org.springframework.boot.test.autoconfigure.web.servlet.MockMvcWebDriverAutoConfiguration]], org.springframework.boot.test.context.filter.ExcludeFilterContextCustomizer@4efbd6d4, org.springframework.boot.test.json.DuplicateJsonObjectContextCustomizerFactory$DuplicateJsonObjectContextCustomizer@15f26ce0, org.springframework.boot.test.mock.mockito.MockitoContextCustomizer@0], resourceBasePath = 'src/main/webapp', contextLoader = 'org.springframework.boot.test.context.SpringBootContextLoader', parent = [null]], attributes = map[[empty]]]].
19:20:09.726 [Test worker] DEBUG org.springframework.test.context.support.TestPropertySourceUtils - Adding inlined properties to environment: {spring.jmx.enabled=false, org.springframework.boot.test.autoconfigure.web.servlet.WebMvcTestContextBootstrapper=true, server.port=-1}

  .   ____          _            __ _ _
 /\\ / ___'_ __ _ _(_)_ __  __ _ \ \ \ \
( ( )\___ | '_ | '_| | '_ \/ _` | \ \ \ \
 \\/  ___)| |_)| | | | | || (_| |  ) ) ) )
  '  |____| .__|_| |_|_| |_\__, | / / / /
 =========|_|==============|___/=/_/_/_/
 :: Spring Boot ::        (v2.1.9.RELEASE)

2020-08-24 19:20:10.351  INFO 2628 --- [    Test worker] c.j.b.s.web.HelloControllerTest          : Starting HelloControllerTest on DESKTOP-VRU8NIE with PID 2628 (started by jae51 in C:\Users\jae51\IdeaProjects\webservice)
2020-08-24 19:20:10.351  INFO 2628 --- [    Test worker] c.j.b.s.web.HelloControllerTest          : No active profile set, falling back to default profiles: default
2020-08-24 19:20:13.524  INFO 2628 --- [    Test worker] o.s.s.concurrent.ThreadPoolTaskExecutor  : Initializing ExecutorService 'applicationTaskExecutor'
2020-08-24 19:20:13.763  INFO 2628 --- [    Test worker] o.s.b.a.w.s.WelcomePageHandlerMapping    : Adding welcome page template: index
2020-08-24 19:20:14.560  INFO 2628 --- [    Test worker] .s.s.UserDetailsServiceAutoConfiguration : 

Using generated security password: 2676699d-daf8-42d3-bcf5-e87f90ff9005

2020-08-24 19:20:15.292  INFO 2628 --- [    Test worker] o.s.s.web.DefaultSecurityFilterChain     : Creating filter chain: any request, [org.springframework.security.web.context.request.async.WebAsyncManagerIntegrationFilter@f6a1780, org.springframework.security.web.context.SecurityContextPersistenceFilter@53f18bf5, org.springframework.security.web.header.HeaderWriterFilter@47dc83d, org.springframework.security.web.csrf.CsrfFilter@30073c6f, org.springframework.security.web.authentication.logout.LogoutFilter@6a30ae74, org.springframework.security.web.authentication.UsernamePasswordAuthenticationFilter@4624e4c7, org.springframework.security.web.authentication.ui.DefaultLoginPageGeneratingFilter@3128f076, org.springframework.security.web.authentication.ui.DefaultLogoutPageGeneratingFilter@a4133a8, org.springframework.security.web.authentication.www.BasicAuthenticationFilter@332322a3, org.springframework.security.web.savedrequest.RequestCacheAwareFilter@60f4c8e1, org.springframework.security.web.servletapi.SecurityContextHolderAwareRequestFilter@56dce9d6, org.springframework.security.web.authentication.AnonymousAuthenticationFilter@163ba158, org.springframework.security.web.session.SessionManagementFilter@4f55c6dd, org.springframework.security.web.access.ExceptionTranslationFilter@25a41af, org.springframework.security.web.access.intercept.FilterSecurityInterceptor@2f230337]
2020-08-24 19:20:15.417  INFO 2628 --- [    Test worker] o.s.b.t.m.w.SpringBootMockServletContext : Initializing Spring TestDispatcherServlet ''
2020-08-24 19:20:15.417  INFO 2628 --- [    Test worker] o.s.t.web.servlet.TestDispatcherServlet  : Initializing Servlet ''
2020-08-24 19:20:15.480  INFO 2628 --- [    Test worker] o.s.t.web.servlet.TestDispatcherServlet  : Completed initialization in 63 ms
2020-08-24 19:20:15.621  INFO 2628 --- [    Test worker] c.j.b.s.web.HelloControllerTest          : Started HelloControllerTest in 5.879 seconds (JVM running for 8.46)
]]></system-out>
  <system-err><![CDATA[]]></system-err>
</testsuite>
