<?xml version="1.0" encoding="UTF-8"?>
<testsuite name="com.jaeyeon.book.springboot.web.IndexControllerTest" tests="1" skipped="0" failures="0" errors="0" timestamp="2020-08-24T10:20:34" hostname="DESKTOP-VRU8NIE" time="0.416">
  <properties/>
  <testcase name="메인페이지_로딩" classname="com.jaeyeon.book.springboot.web.IndexControllerTest" time="0.416"/>
  <system-out><![CDATA[2020-08-24 19:20:28.728  INFO 2628 --- [    Test worker] .b.t.c.SpringBootTestContextBootstrapper : Neither @ContextConfiguration nor @ContextHierarchy found for test class [com.jaeyeon.book.springboot.web.IndexControllerTest], using SpringBootContextLoader
2020-08-24 19:20:28.728  INFO 2628 --- [    Test worker] o.s.t.c.support.AbstractContextLoader    : Could not detect default resource locations for test class [com.jaeyeon.book.springboot.web.IndexControllerTest]: no resource found for suffixes {-context.xml, Context.groovy}.
2020-08-24 19:20:28.728  INFO 2628 --- [    Test worker] t.c.s.AnnotationConfigContextLoaderUtils : Could not detect default configuration classes for test class [com.jaeyeon.book.springboot.web.IndexControllerTest]: IndexControllerTest does not declare any static, non-private, non-final, nested classes annotated with @Configuration.
2020-08-24 19:20:28.745  INFO 2628 --- [    Test worker] .b.t.c.SpringBootTestContextBootstrapper : Found @SpringBootConfiguration com.jaeyeon.book.springboot.Application for test class com.jaeyeon.book.springboot.web.IndexControllerTest
2020-08-24 19:20:28.748  INFO 2628 --- [    Test worker] .b.t.c.SpringBootTestContextBootstrapper : Loaded default TestExecutionListener class names from location [META-INF/spring.factories]: [org.springframework.security.test.context.support.WithSecurityContextTestExecutionListener, org.springframework.security.test.context.support.ReactorContextTestExecutionListener, org.springframework.boot.test.autoconfigure.restdocs.RestDocsTestExecutionListener, org.springframework.boot.test.autoconfigure.web.client.MockRestServiceServerResetTestExecutionListener, org.springframework.boot.test.autoconfigure.web.servlet.MockMvcPrintOnlyOnFailureTestExecutionListener, org.springframework.boot.test.autoconfigure.web.servlet.WebDriverTestExecutionListener, org.springframework.boot.test.mock.mockito.MockitoTestExecutionListener, org.springframework.boot.test.mock.mockito.ResetMocksTestExecutionListener, org.springframework.test.context.web.ServletTestExecutionListener, org.springframework.test.context.support.DirtiesContextBeforeModesTestExecutionListener, org.springframework.test.context.support.DependencyInjectionTestExecutionListener, org.springframework.test.context.support.DirtiesContextTestExecutionListener, org.springframework.test.context.transaction.TransactionalTestExecutionListener, org.springframework.test.context.jdbc.SqlScriptsTestExecutionListener]
2020-08-24 19:20:28.748  INFO 2628 --- [    Test worker] .b.t.c.SpringBootTestContextBootstrapper : Using TestExecutionListeners: [org.springframework.test.context.web.ServletTestExecutionListener@18e14834, org.springframework.test.context.support.DirtiesContextBeforeModesTestExecutionListener@569cf16, org.springframework.boot.test.mock.mockito.MockitoTestExecutionListener@3f9c54e4, org.springframework.boot.test.autoconfigure.SpringBootDependencyInjectionTestExecutionListener@1e339a5a, org.springframework.test.context.support.DirtiesContextTestExecutionListener@c81d140, org.springframework.test.context.transaction.TransactionalTestExecutionListener@475bbeb9, org.springframework.test.context.jdbc.SqlScriptsTestExecutionListener@1abde9c2, org.springframework.security.test.context.support.WithSecurityContextTestExecutionListener@18de4185, org.springframework.security.test.context.support.ReactorContextTestExecutionListener@1ad7880f, org.springframework.boot.test.autoconfigure.restdocs.RestDocsTestExecutionListener@63439a, org.springframework.boot.test.autoconfigure.web.client.MockRestServiceServerResetTestExecutionListener@756559ad, org.springframework.boot.test.autoconfigure.web.servlet.MockMvcPrintOnlyOnFailureTestExecutionListener@1fddeced, org.springframework.boot.test.autoconfigure.web.servlet.WebDriverTestExecutionListener@396c88e9, org.springframework.boot.test.mock.mockito.ResetMocksTestExecutionListener@238963cd]

  .   ____          _            __ _ _
 /\\ / ___'_ __ _ _(_)_ __  __ _ \ \ \ \
( ( )\___ | '_ | '_| | '_ \/ _` | \ \ \ \
 \\/  ___)| |_)| | | | | || (_| |  ) ) ) )
  '  |____| .__|_| |_|_| |_\__, | / / / /
 =========|_|==============|___/=/_/_/_/
 :: Spring Boot ::        (v2.1.9.RELEASE)

2020-08-24 19:20:28.842  INFO 2628 --- [    Test worker] c.j.b.s.web.IndexControllerTest          : Starting IndexControllerTest on DESKTOP-VRU8NIE with PID 2628 (started by jae51 in C:\Users\jae51\IdeaProjects\webservice)
2020-08-24 19:20:28.842  INFO 2628 --- [    Test worker] c.j.b.s.web.IndexControllerTest          : No active profile set, falling back to default profiles: default
2020-08-24 19:20:29.514  INFO 2628 --- [    Test worker] .s.d.r.c.RepositoryConfigurationDelegate : Bootstrapping Spring Data repositories in DEFAULT mode.
2020-08-24 19:20:29.577  INFO 2628 --- [    Test worker] .s.d.r.c.RepositoryConfigurationDelegate : Finished Spring Data repository scanning in 63ms. Found 2 repository interfaces.
2020-08-24 19:20:29.905  INFO 2628 --- [    Test worker] trationDelegate$BeanPostProcessorChecker : Bean 'org.springframework.transaction.annotation.ProxyTransactionManagementConfiguration' of type [org.springframework.transaction.annotation.ProxyTransactionManagementConfiguration$$EnhancerBySpringCGLIB$$39d627bd] is not eligible for getting processed by all BeanPostProcessors (for example: not eligible for auto-proxying)
2020-08-24 19:20:30.629  INFO 2628 --- [    Test worker] o.s.b.w.embedded.tomcat.TomcatWebServer  : Tomcat initialized with port(s): 0 (http)
2020-08-24 19:20:30.707  INFO 2628 --- [    Test worker] o.apache.catalina.core.StandardService   : Starting service [Tomcat]
2020-08-24 19:20:30.723  INFO 2628 --- [    Test worker] org.apache.catalina.core.StandardEngine  : Starting Servlet engine: [Apache Tomcat/9.0.26]
2020-08-24 19:20:31.145  INFO 2628 --- [    Test worker] o.a.c.c.C.[Tomcat].[localhost].[/]       : Initializing Spring embedded WebApplicationContext
2020-08-24 19:20:31.145  INFO 2628 --- [    Test worker] o.s.web.context.ContextLoader            : Root WebApplicationContext: initialization completed in 2287 ms
2020-08-24 19:20:31.588  INFO 2628 --- [    Test worker] com.zaxxer.hikari.HikariDataSource       : HikariPool-2 - Starting...
2020-08-24 19:20:31.588  INFO 2628 --- [    Test worker] com.zaxxer.hikari.HikariDataSource       : HikariPool-2 - Start completed.
2020-08-24 19:20:31.702  INFO 2628 --- [    Test worker] o.hibernate.jpa.internal.util.LogHelper  : HHH000204: Processing PersistenceUnitInfo [
	name: default
	...]
2020-08-24 19:20:31.749  INFO 2628 --- [    Test worker] org.hibernate.dialect.Dialect            : HHH000400: Using dialect: org.hibernate.dialect.MySQL5InnoDBDialect
Hibernate: drop table if exists posts
Hibernate: drop table if exists user
Hibernate: create table posts (id bigint not null auto_increment, created_date datetime, modified_date datetime, author varchar(255), content TEXT not null, title varchar(500) not null, primary key (id)) engine=InnoDB
Hibernate: create table user (id bigint not null auto_increment, created_date datetime, modified_date datetime, email varchar(255) not null, name varchar(255) not null, picture varchar(255), role varchar(255) not null, primary key (id)) engine=InnoDB
2020-08-24 19:20:31.905  INFO 2628 --- [    Test worker] o.h.t.schema.internal.SchemaCreatorImpl  : HHH000476: Executing import script 'org.hibernate.tool.schema.internal.exec.ScriptSourceInputNonExistentImpl@6589b12e'
2020-08-24 19:20:31.905  INFO 2628 --- [    Test worker] j.LocalContainerEntityManagerFactoryBean : Initialized JPA EntityManagerFactory for persistence unit 'default'
2020-08-24 19:20:32.832  INFO 2628 --- [    Test worker] o.h.h.i.QueryTranslatorFactoryInitiator  : HHH000397: Using ASTQueryTranslatorFactory
2020-08-24 19:20:33.176  INFO 2628 --- [    Test worker] o.s.s.web.DefaultSecurityFilterChain     : Creating filter chain: any request, [org.springframework.security.web.context.request.async.WebAsyncManagerIntegrationFilter@4740eaa8, org.springframework.security.web.context.SecurityContextPersistenceFilter@4adcb6ac, org.springframework.security.web.header.HeaderWriterFilter@58f15e4e, org.springframework.security.web.authentication.logout.LogoutFilter@591794c7, org.springframework.security.oauth2.client.web.OAuth2AuthorizationRequestRedirectFilter@172d3cc8, org.springframework.security.oauth2.client.web.OAuth2LoginAuthenticationFilter@fe7f154, org.springframework.security.web.authentication.ui.DefaultLoginPageGeneratingFilter@76d12567, org.springframework.security.web.authentication.ui.DefaultLogoutPageGeneratingFilter@6152a164, org.springframework.security.web.savedrequest.RequestCacheAwareFilter@78a16bd6, org.springframework.security.web.servletapi.SecurityContextHolderAwareRequestFilter@2af059a2, org.springframework.security.web.authentication.AnonymousAuthenticationFilter@1f671afa, org.springframework.security.web.session.SessionManagementFilter@339dec0f, org.springframework.security.web.access.ExceptionTranslationFilter@496cb3a, org.springframework.security.web.access.intercept.FilterSecurityInterceptor@514eef53]
2020-08-24 19:20:33.613  INFO 2628 --- [    Test worker] o.s.s.concurrent.ThreadPoolTaskExecutor  : Initializing ExecutorService 'applicationTaskExecutor'
2020-08-24 19:20:33.644  WARN 2628 --- [    Test worker] aWebConfiguration$JpaWebMvcConfiguration : spring.jpa.open-in-view is enabled by default. Therefore, database queries may be performed during view rendering. Explicitly configure spring.jpa.open-in-view to disable this warning
2020-08-24 19:20:33.723  INFO 2628 --- [    Test worker] o.s.b.a.w.s.WelcomePageHandlerMapping    : Adding welcome page template: index
2020-08-24 19:20:34.400  INFO 2628 --- [    Test worker] s.a.ScheduledAnnotationBeanPostProcessor : No TaskScheduler/ScheduledExecutorService bean found for scheduled processing
2020-08-24 19:20:34.447  INFO 2628 --- [    Test worker] o.s.b.w.embedded.tomcat.TomcatWebServer  : Tomcat started on port(s): 50404 (http) with context path ''
2020-08-24 19:20:34.447  INFO 2628 --- [    Test worker] c.j.b.s.web.IndexControllerTest          : Started IndexControllerTest in 5.699 seconds (JVM running for 27.284)
2020-08-24 19:20:34.634  INFO 2628 --- [o-auto-1-exec-1] o.a.c.c.C.[Tomcat].[localhost].[/]       : Initializing Spring DispatcherServlet 'dispatcherServlet'
2020-08-24 19:20:34.634  INFO 2628 --- [o-auto-1-exec-1] o.s.web.servlet.DispatcherServlet        : Initializing Servlet 'dispatcherServlet'
2020-08-24 19:20:34.681  INFO 2628 --- [o-auto-1-exec-1] o.s.web.servlet.DispatcherServlet        : Completed initialization in 47 ms
Hibernate: select posts0_.id as id1_0_, posts0_.created_date as created_2_0_, posts0_.modified_date as modified3_0_, posts0_.author as author4_0_, posts0_.content as content5_0_, posts0_.title as title6_0_ from posts posts0_ order by posts0_.id DESC
]]></system-out>
  <system-err><![CDATA[]]></system-err>
</testsuite>
