<?xml version="1.0" encoding="UTF-8"?>
<testsuite name="com.jaeyeon.book.springboot.web.PostsApiControllerTest" tests="1" skipped="0" failures="0" errors="0" timestamp="2020-09-02T19:42:40" hostname="DESKTOP-VRU8NIE" time="1.605">
  <properties/>
  <testcase name="Posts_등록된다" classname="com.jaeyeon.book.springboot.web.PostsApiControllerTest" time="1.605"/>
  <system-out><![CDATA[04:42:19.697 [Test worker] DEBUG org.springframework.test.context.junit4.SpringJUnit4ClassRunner - SpringJUnit4ClassRunner constructor called with [class com.jaeyeon.book.springboot.web.PostsApiControllerTest]
04:42:19.712 [Test worker] DEBUG org.springframework.test.context.BootstrapUtils - Instantiating CacheAwareContextLoaderDelegate from class [org.springframework.test.context.cache.DefaultCacheAwareContextLoaderDelegate]
04:42:19.743 [Test worker] DEBUG org.springframework.test.context.BootstrapUtils - Instantiating BootstrapContext using constructor [public org.springframework.test.context.support.DefaultBootstrapContext(java.lang.Class,org.springframework.test.context.CacheAwareContextLoaderDelegate)]
04:42:19.790 [Test worker] DEBUG org.springframework.test.context.BootstrapUtils - Instantiating TestContextBootstrapper for test class [com.jaeyeon.book.springboot.web.PostsApiControllerTest] from class [org.springframework.boot.test.context.SpringBootTestContextBootstrapper]
04:42:19.822 [Test worker] INFO org.springframework.boot.test.context.SpringBootTestContextBootstrapper - Neither @ContextConfiguration nor @ContextHierarchy found for test class [com.jaeyeon.book.springboot.web.PostsApiControllerTest], using SpringBootContextLoader
04:42:19.822 [Test worker] DEBUG org.springframework.test.context.support.AbstractContextLoader - Did not detect default resource location for test class [com.jaeyeon.book.springboot.web.PostsApiControllerTest]: class path resource [com/jaeyeon/book/springboot/web/PostsApiControllerTest-context.xml] does not exist
04:42:19.822 [Test worker] DEBUG org.springframework.test.context.support.AbstractContextLoader - Did not detect default resource location for test class [com.jaeyeon.book.springboot.web.PostsApiControllerTest]: class path resource [com/jaeyeon/book/springboot/web/PostsApiControllerTestContext.groovy] does not exist
04:42:19.822 [Test worker] INFO org.springframework.test.context.support.AbstractContextLoader - Could not detect default resource locations for test class [com.jaeyeon.book.springboot.web.PostsApiControllerTest]: no resource found for suffixes {-context.xml, Context.groovy}.
04:42:19.822 [Test worker] INFO org.springframework.test.context.support.AnnotationConfigContextLoaderUtils - Could not detect default configuration classes for test class [com.jaeyeon.book.springboot.web.PostsApiControllerTest]: PostsApiControllerTest does not declare any static, non-private, non-final, nested classes annotated with @Configuration.
04:42:19.947 [Test worker] DEBUG org.springframework.test.context.support.ActiveProfilesUtils - Could not find an 'annotation declaring class' for annotation type [org.springframework.test.context.ActiveProfiles] and class [com.jaeyeon.book.springboot.web.PostsApiControllerTest]
04:42:20.181 [Test worker] DEBUG org.springframework.context.annotation.ClassPathScanningCandidateComponentProvider - Identified candidate component class: file [C:\Users\jae51\IdeaProjects\webservice\build\classes\java\main\com\jaeyeon\book\springboot\Application.class]
04:42:20.197 [Test worker] INFO org.springframework.boot.test.context.SpringBootTestContextBootstrapper - Found @SpringBootConfiguration com.jaeyeon.book.springboot.Application for test class com.jaeyeon.book.springboot.web.PostsApiControllerTest
04:42:20.462 [Test worker] DEBUG org.springframework.boot.test.context.SpringBootTestContextBootstrapper - @TestExecutionListeners is not present for class [com.jaeyeon.book.springboot.web.PostsApiControllerTest]: using defaults.
04:42:20.462 [Test worker] INFO org.springframework.boot.test.context.SpringBootTestContextBootstrapper - Loaded default TestExecutionListener class names from location [META-INF/spring.factories]: [org.springframework.security.test.context.support.WithSecurityContextTestExecutionListener, org.springframework.security.test.context.support.ReactorContextTestExecutionListener, org.springframework.boot.test.autoconfigure.restdocs.RestDocsTestExecutionListener, org.springframework.boot.test.autoconfigure.web.client.MockRestServiceServerResetTestExecutionListener, org.springframework.boot.test.autoconfigure.web.servlet.MockMvcPrintOnlyOnFailureTestExecutionListener, org.springframework.boot.test.autoconfigure.web.servlet.WebDriverTestExecutionListener, org.springframework.boot.test.mock.mockito.MockitoTestExecutionListener, org.springframework.boot.test.mock.mockito.ResetMocksTestExecutionListener, org.springframework.test.context.web.ServletTestExecutionListener, org.springframework.test.context.support.DirtiesContextBeforeModesTestExecutionListener, org.springframework.test.context.support.DependencyInjectionTestExecutionListener, org.springframework.test.context.support.DirtiesContextTestExecutionListener, org.springframework.test.context.transaction.TransactionalTestExecutionListener, org.springframework.test.context.jdbc.SqlScriptsTestExecutionListener]
04:42:20.525 [Test worker] INFO org.springframework.boot.test.context.SpringBootTestContextBootstrapper - Using TestExecutionListeners: [org.springframework.test.context.web.ServletTestExecutionListener@1041f6ce, org.springframework.test.context.support.DirtiesContextBeforeModesTestExecutionListener@25180a01, org.springframework.boot.test.mock.mockito.MockitoTestExecutionListener@225985e, org.springframework.boot.test.autoconfigure.SpringBootDependencyInjectionTestExecutionListener@2ccbf8f0, org.springframework.test.context.support.DirtiesContextTestExecutionListener@33238c21, org.springframework.test.context.transaction.TransactionalTestExecutionListener@560ec046, org.springframework.test.context.jdbc.SqlScriptsTestExecutionListener@78c745b1, org.springframework.security.test.context.support.WithSecurityContextTestExecutionListener@bb83e21, org.springframework.security.test.context.support.ReactorContextTestExecutionListener@24d5f9f3, org.springframework.boot.test.autoconfigure.restdocs.RestDocsTestExecutionListener@4f901df, org.springframework.boot.test.autoconfigure.web.client.MockRestServiceServerResetTestExecutionListener@4651263c, org.springframework.boot.test.autoconfigure.web.servlet.MockMvcPrintOnlyOnFailureTestExecutionListener@cd251e1, org.springframework.boot.test.autoconfigure.web.servlet.WebDriverTestExecutionListener@7433be9, org.springframework.boot.test.mock.mockito.ResetMocksTestExecutionListener@4b783527]
04:42:20.525 [Test worker] DEBUG org.springframework.test.annotation.ProfileValueUtils - Retrieved @ProfileValueSourceConfiguration [null] for test class [com.jaeyeon.book.springboot.web.PostsApiControllerTest]
04:42:20.525 [Test worker] DEBUG org.springframework.test.annotation.ProfileValueUtils - Retrieved ProfileValueSource type [class org.springframework.test.annotation.SystemProfileValueSource] for class [com.jaeyeon.book.springboot.web.PostsApiControllerTest]
04:42:20.541 [Test worker] DEBUG org.springframework.test.annotation.ProfileValueUtils - Retrieved @ProfileValueSourceConfiguration [null] for test class [com.jaeyeon.book.springboot.web.PostsApiControllerTest]
04:42:20.541 [Test worker] DEBUG org.springframework.test.annotation.ProfileValueUtils - Retrieved ProfileValueSource type [class org.springframework.test.annotation.SystemProfileValueSource] for class [com.jaeyeon.book.springboot.web.PostsApiControllerTest]
04:42:20.541 [Test worker] DEBUG org.springframework.test.annotation.ProfileValueUtils - Retrieved @ProfileValueSourceConfiguration [null] for test class [com.jaeyeon.book.springboot.web.PostsApiControllerTest]
04:42:20.541 [Test worker] DEBUG org.springframework.test.annotation.ProfileValueUtils - Retrieved ProfileValueSource type [class org.springframework.test.annotation.SystemProfileValueSource] for class [com.jaeyeon.book.springboot.web.PostsApiControllerTest]
04:42:20.556 [Test worker] DEBUG org.springframework.test.context.support.AbstractDirtiesContextTestExecutionListener - Before test class: context [DefaultTestContext@58bde8e7 testClass = PostsApiControllerTest, testInstance = [null], testMethod = [null], testException = [null], mergedContextConfiguration = [WebMergedContextConfiguration@6a576f7d testClass = PostsApiControllerTest, locations = '{}', classes = '{class com.jaeyeon.book.springboot.Application}', contextInitializerClasses = '[]', activeProfiles = '{}', propertySourceLocations = '{}', propertySourceProperties = '{org.springframework.boot.test.context.SpringBootTestContextBootstrapper=true, server.port=0}', contextCustomizers = set[org.springframework.boot.test.autoconfigure.properties.PropertyMappingContextCustomizer@0, org.springframework.boot.test.autoconfigure.web.servlet.WebDriverContextCustomizerFactory$Customizer@335e594, org.springframework.boot.test.context.filter.ExcludeFilterContextCustomizer@28329c4d, org.springframework.boot.test.json.DuplicateJsonObjectContextCustomizerFactory$DuplicateJsonObjectContextCustomizer@3a2f94d, org.springframework.boot.test.mock.mockito.MockitoContextCustomizer@0, org.springframework.boot.test.web.client.TestRestTemplateContextCustomizer@14a4b34e], resourceBasePath = 'src/main/webapp', contextLoader = 'org.springframework.boot.test.context.SpringBootContextLoader', parent = [null]], attributes = map['org.springframework.test.context.web.ServletTestExecutionListener.activateListener' -> false]], class annotated with @DirtiesContext [false] with mode [null].
04:42:20.556 [Test worker] DEBUG org.springframework.test.annotation.ProfileValueUtils - Retrieved @ProfileValueSourceConfiguration [null] for test class [com.jaeyeon.book.springboot.web.PostsApiControllerTest]
04:42:20.556 [Test worker] DEBUG org.springframework.test.annotation.ProfileValueUtils - Retrieved ProfileValueSource type [class org.springframework.test.annotation.SystemProfileValueSource] for class [com.jaeyeon.book.springboot.web.PostsApiControllerTest]
04:42:20.587 [Test worker] DEBUG org.springframework.test.context.support.DependencyInjectionTestExecutionListener - Performing dependency injection for test context [[DefaultTestContext@58bde8e7 testClass = PostsApiControllerTest, testInstance = com.jaeyeon.book.springboot.web.PostsApiControllerTest@b8b9770, testMethod = [null], testException = [null], mergedContextConfiguration = [WebMergedContextConfiguration@6a576f7d testClass = PostsApiControllerTest, locations = '{}', classes = '{class com.jaeyeon.book.springboot.Application}', contextInitializerClasses = '[]', activeProfiles = '{}', propertySourceLocations = '{}', propertySourceProperties = '{org.springframework.boot.test.context.SpringBootTestContextBootstrapper=true, server.port=0}', contextCustomizers = set[org.springframework.boot.test.autoconfigure.properties.PropertyMappingContextCustomizer@0, org.springframework.boot.test.autoconfigure.web.servlet.WebDriverContextCustomizerFactory$Customizer@335e594, org.springframework.boot.test.context.filter.ExcludeFilterContextCustomizer@28329c4d, org.springframework.boot.test.json.DuplicateJsonObjectContextCustomizerFactory$DuplicateJsonObjectContextCustomizer@3a2f94d, org.springframework.boot.test.mock.mockito.MockitoContextCustomizer@0, org.springframework.boot.test.web.client.TestRestTemplateContextCustomizer@14a4b34e], resourceBasePath = 'src/main/webapp', contextLoader = 'org.springframework.boot.test.context.SpringBootContextLoader', parent = [null]], attributes = map['org.springframework.test.context.web.ServletTestExecutionListener.activateListener' -> false]]].
04:42:20.634 [Test worker] DEBUG org.springframework.test.context.support.TestPropertySourceUtils - Adding inlined properties to environment: {spring.jmx.enabled=false, org.springframework.boot.test.context.SpringBootTestContextBootstrapper=true, server.port=0}

  .   ____          _            __ _ _
 /\\ / ___'_ __ _ _(_)_ __  __ _ \ \ \ \
( ( )\___ | '_ | '_| | '_ \/ _` | \ \ \ \
 \\/  ___)| |_)| | | | | || (_| |  ) ) ) )
  '  |____| .__|_| |_|_| |_\__, | / / / /
 =========|_|==============|___/=/_/_/_/
 :: Spring Boot ::        (v2.1.9.RELEASE)

2020-09-03 04:42:21.291  INFO 7244 --- [    Test worker] c.j.b.s.web.PostsApiControllerTest       : Starting PostsApiControllerTest on DESKTOP-VRU8NIE with PID 7244 (started by jae51 in C:\Users\jae51\IdeaProjects\webservice)
2020-09-03 04:42:21.306  INFO 7244 --- [    Test worker] c.j.b.s.web.PostsApiControllerTest       : No active profile set, falling back to default profiles: default
2020-09-03 04:42:23.760  INFO 7244 --- [    Test worker] .s.d.r.c.RepositoryConfigurationDelegate : Bootstrapping Spring Data repositories in DEFAULT mode.
2020-09-03 04:42:24.010  INFO 7244 --- [    Test worker] .s.d.r.c.RepositoryConfigurationDelegate : Finished Spring Data repository scanning in 218ms. Found 2 repository interfaces.
2020-09-03 04:42:25.426  INFO 7244 --- [    Test worker] trationDelegate$BeanPostProcessorChecker : Bean 'org.springframework.transaction.annotation.ProxyTransactionManagementConfiguration' of type [org.springframework.transaction.annotation.ProxyTransactionManagementConfiguration$$EnhancerBySpringCGLIB$$b5196a40] is not eligible for getting processed by all BeanPostProcessors (for example: not eligible for auto-proxying)
2020-09-03 04:42:26.565  INFO 7244 --- [    Test worker] o.s.b.w.embedded.tomcat.TomcatWebServer  : Tomcat initialized with port(s): 0 (http)
2020-09-03 04:42:26.643  INFO 7244 --- [    Test worker] o.apache.catalina.core.StandardService   : Starting service [Tomcat]
2020-09-03 04:42:26.658  INFO 7244 --- [    Test worker] org.apache.catalina.core.StandardEngine  : Starting Servlet engine: [Apache Tomcat/9.0.26]
2020-09-03 04:42:27.119  INFO 7244 --- [    Test worker] o.a.c.c.C.[Tomcat].[localhost].[/]       : Initializing Spring embedded WebApplicationContext
2020-09-03 04:42:27.119  INFO 7244 --- [    Test worker] o.s.web.context.ContextLoader            : Root WebApplicationContext: initialization completed in 5766 ms
2020-09-03 04:42:28.068  INFO 7244 --- [    Test worker] com.zaxxer.hikari.HikariDataSource       : HikariPool-1 - Starting...
2020-09-03 04:42:28.781  INFO 7244 --- [    Test worker] com.zaxxer.hikari.HikariDataSource       : HikariPool-1 - Start completed.
2020-09-03 04:42:29.138  INFO 7244 --- [    Test worker] o.hibernate.jpa.internal.util.LogHelper  : HHH000204: Processing PersistenceUnitInfo [
	name: default
	...]
2020-09-03 04:42:29.419  INFO 7244 --- [    Test worker] org.hibernate.Version                    : HHH000412: Hibernate Core {5.3.12.Final}
2020-09-03 04:42:29.435  INFO 7244 --- [    Test worker] org.hibernate.cfg.Environment            : HHH000206: hibernate.properties not found
2020-09-03 04:42:30.122  INFO 7244 --- [    Test worker] o.hibernate.annotations.common.Version   : HCANN000001: Hibernate Commons Annotations {5.0.4.Final}
2020-09-03 04:42:30.810  INFO 7244 --- [    Test worker] org.hibernate.dialect.Dialect            : HHH000400: Using dialect: org.hibernate.dialect.MySQL5InnoDBDialect
Hibernate: drop table if exists posts
Hibernate: drop table if exists user
Hibernate: create table posts (id bigint not null auto_increment, created_date datetime, modified_date datetime, author varchar(255), content TEXT not null, title varchar(500) not null, primary key (id)) engine=InnoDB
Hibernate: create table user (id bigint not null auto_increment, created_date datetime, modified_date datetime, email varchar(255) not null, name varchar(255) not null, picture varchar(255), role varchar(255) not null, primary key (id)) engine=InnoDB
2020-09-03 04:42:33.076  INFO 7244 --- [    Test worker] o.h.t.schema.internal.SchemaCreatorImpl  : HHH000476: Executing import script 'org.hibernate.tool.schema.internal.exec.ScriptSourceInputNonExistentImpl@778b17e5'
2020-09-03 04:42:33.092  INFO 7244 --- [    Test worker] j.LocalContainerEntityManagerFactoryBean : Initialized JPA EntityManagerFactory for persistence unit 'default'
2020-09-03 04:42:35.646  INFO 7244 --- [    Test worker] o.h.h.i.QueryTranslatorFactoryInitiator  : HHH000397: Using ASTQueryTranslatorFactory
2020-09-03 04:42:37.277  INFO 7244 --- [    Test worker] o.s.s.web.DefaultSecurityFilterChain     : Creating filter chain: any request, [org.springframework.security.web.context.request.async.WebAsyncManagerIntegrationFilter@63067fef, org.springframework.security.web.context.SecurityContextPersistenceFilter@2ee6e384, org.springframework.security.web.header.HeaderWriterFilter@3708db79, org.springframework.security.web.authentication.logout.LogoutFilter@4d4a969b, org.springframework.security.oauth2.client.web.OAuth2AuthorizationRequestRedirectFilter@4d468c6d, org.springframework.security.oauth2.client.web.OAuth2LoginAuthenticationFilter@12b12d8e, org.springframework.security.web.authentication.ui.DefaultLoginPageGeneratingFilter@4c8145eb, org.springframework.security.web.authentication.ui.DefaultLogoutPageGeneratingFilter@ce2a56d, org.springframework.security.web.savedrequest.RequestCacheAwareFilter@31bb5f76, org.springframework.security.web.servletapi.SecurityContextHolderAwareRequestFilter@1b8cae50, org.springframework.security.web.authentication.AnonymousAuthenticationFilter@684fcdc7, org.springframework.security.web.session.SessionManagementFilter@36f4690a, org.springframework.security.web.access.ExceptionTranslationFilter@5c14f75b, org.springframework.security.web.access.intercept.FilterSecurityInterceptor@77285d0b]
2020-09-03 04:42:38.302  INFO 7244 --- [    Test worker] o.s.s.concurrent.ThreadPoolTaskExecutor  : Initializing ExecutorService 'applicationTaskExecutor'
2020-09-03 04:42:38.474  WARN 7244 --- [    Test worker] aWebConfiguration$JpaWebMvcConfiguration : spring.jpa.open-in-view is enabled by default. Therefore, database queries may be performed during view rendering. Explicitly configure spring.jpa.open-in-view to disable this warning
2020-09-03 04:42:38.645  INFO 7244 --- [    Test worker] o.s.b.a.w.s.WelcomePageHandlerMapping    : Adding welcome page template: index
2020-09-03 04:42:40.099  INFO 7244 --- [    Test worker] s.a.ScheduledAnnotationBeanPostProcessor : No TaskScheduler/ScheduledExecutorService bean found for scheduled processing
2020-09-03 04:42:40.192  INFO 7244 --- [    Test worker] o.s.b.w.embedded.tomcat.TomcatWebServer  : Tomcat started on port(s): 49929 (http) with context path ''
2020-09-03 04:42:40.208  INFO 7244 --- [    Test worker] c.j.b.s.web.PostsApiControllerTest       : Started PostsApiControllerTest in 19.574 seconds (JVM running for 22.083)
2020-09-03 04:42:40.595  INFO 7244 --- [    Test worker] o.a.c.c.C.[Tomcat].[localhost].[/]       : Initializing Spring TestDispatcherServlet ''
2020-09-03 04:42:40.595  INFO 7244 --- [    Test worker] o.s.t.web.servlet.TestDispatcherServlet  : Initializing Servlet ''
2020-09-03 04:42:40.673  INFO 7244 --- [    Test worker] o.s.t.web.servlet.TestDispatcherServlet  : Completed initialization in 78 ms
Hibernate: insert into posts (created_date, modified_date, author, content, title) values (?, ?, ?, ?, ?)
Hibernate: select posts0_.id as id1_0_, posts0_.created_date as created_2_0_, posts0_.modified_date as modified3_0_, posts0_.author as author4_0_, posts0_.content as content5_0_, posts0_.title as title6_0_ from posts posts0_
Hibernate: select posts0_.id as id1_0_, posts0_.created_date as created_2_0_, posts0_.modified_date as modified3_0_, posts0_.author as author4_0_, posts0_.content as content5_0_, posts0_.title as title6_0_ from posts posts0_
Hibernate: delete from posts where id=?
]]></system-out>
  <system-err><![CDATA[]]></system-err>
</testsuite>
